<?xml version="1.0" encoding="UTF-8"?>
<testng-results skipped="0" failed="0" total="1" passed="1">
  <reporter-output>
  </reporter-output>
  <suite name="comparison.finance.i.ua TESTNG" duration-ms="17665" started-at="2015-01-23T22:01:02Z" finished-at="2015-01-23T22:01:20Z">
    <groups>
    </groups>
    <test name="comparisonTest" duration-ms="17665" started-at="2015-01-23T22:01:02Z" finished-at="2015-01-23T22:01:20Z">
      <class name="comparison.finance.i.ua.ComparisonTest">
        <test-method status="PASS" signature="beforeTest()[pri:0, instance:comparison.finance.i.ua.ComparisonTest@259f1b1d]" name="beforeTest" is-config="true" duration-ms="8" started-at="2015-01-24T00:01:02Z" finished-at="2015-01-24T00:01:02Z">
          <reporter-output>
          </reporter-output>
        </test-method> <!-- beforeTest -->
        <test-method status="PASS" signature="currencyPrintout()[pri:0, instance:comparison.finance.i.ua.ComparisonTest@259f1b1d]" name="currencyPrintout" duration-ms="17364" started-at="2015-01-24T00:01:02Z" finished-at="2015-01-24T00:01:19Z">
          <reporter-output>
          </reporter-output>
        </test-method> <!-- currencyPrintout -->
        <test-method status="PASS" signature="afterTest()[pri:0, instance:comparison.finance.i.ua.ComparisonTest@259f1b1d]" name="afterTest" is-config="true" duration-ms="283" started-at="2015-01-24T00:01:19Z" finished-at="2015-01-24T00:01:20Z">
          <reporter-output>
          </reporter-output>
        </test-method> <!-- afterTest -->
      </class> <!-- comparison.finance.i.ua.ComparisonTest -->
    </test> <!-- comparisonTest -->
  </suite> <!-- comparison.finance.i.ua TESTNG -->
</testng-results>
